<?xml version="1.0" encoding="UTF-8"?>
<!-- Generated by org.testng.reporters.JUnitXMLReporter -->
<testsuite ignored="0" hostname="Shivam" failures="0" tests="3" name="Default test" time="9.616" errors="0" timestamp="2024-10-11T14:01:57 IST">
  <testcase classname="endToendAutomation.OrangeHRM" name="testLogo" time="0.035"/>
  <testcase classname="endToendAutomation.OrangeHRM" name="testAppUrl" time="0.01"/>
  <testcase classname="endToendAutomation.OrangeHRM" name="testHomePageTitle" time="0.021"/>
</testsuite> <!-- Default test -->
