<?xml version="1.0" encoding="UTF-8"?>
<testng-results ignored="0" total="3" passed="3" failed="0" skipped="0">
  <reporter-output>
  </reporter-output>
  <suite started-at="2024-10-14T10:59:13 IST" name="MasterSuite" finished-at="2024-10-14T10:59:21 IST" duration-ms="7845">
    <groups>
    </groups>
    <test started-at="2024-10-14T10:59:13 IST" name="Test" finished-at="2024-10-14T10:59:21 IST" duration-ms="7845">
      <class name="endToendAutomation.OrangeHRM">
        <test-method is-config="true" signature="setup(java.lang.String,java.lang.String)[pri:0, instance:endToendAutomation.OrangeHRM@5f9be66c]" started-at="2024-10-14T10:59:13 IST" name="setup" finished-at="2024-10-14T10:59:21 IST" duration-ms="7373" status="PASS">
          <params>
            <param index="0">
              <value>
                <![CDATA[windows]]>
              </value>
            </param>
            <param index="1">
              <value>
                <![CDATA[chrome]]>
              </value>
            </param>
          </params>
          <reporter-output>
          </reporter-output>
        </test-method> <!-- setup -->
        <test-method signature="TC_01_testLogo()[pri:1, instance:endToendAutomation.OrangeHRM@5f9be66c]" started-at="2024-10-14T10:59:21 IST" name="TC_01_testLogo" finished-at="2024-10-14T10:59:21 IST" duration-ms="49" status="PASS">
          <reporter-output>
          </reporter-output>
        </test-method> <!-- TC_01_testLogo -->
        <test-method signature="TC_02_testAppUrl()[pri:2, instance:endToendAutomation.OrangeHRM@5f9be66c]" started-at="2024-10-14T10:59:21 IST" name="TC_02_testAppUrl" finished-at="2024-10-14T10:59:21 IST" duration-ms="7" status="PASS">
          <reporter-output>
          </reporter-output>
        </test-method> <!-- TC_02_testAppUrl -->
        <test-method signature="TC_03_testHomePageTitle()[pri:3, instance:endToendAutomation.OrangeHRM@5f9be66c]" started-at="2024-10-14T10:59:21 IST" name="TC_03_testHomePageTitle" finished-at="2024-10-14T10:59:21 IST" duration-ms="17" status="PASS">
          <reporter-output>
          </reporter-output>
        </test-method> <!-- TC_03_testHomePageTitle -->
        <test-method is-config="true" signature="tearDown()[pri:0, instance:endToendAutomation.OrangeHRM@5f9be66c]" started-at="2024-10-14T10:59:21 IST" name="tearDown" finished-at="2024-10-14T10:59:21 IST" duration-ms="220" status="PASS">
          <reporter-output>
          </reporter-output>
        </test-method> <!-- tearDown -->
      </class> <!-- endToendAutomation.OrangeHRM -->
    </test> <!-- Test -->
  </suite> <!-- MasterSuite -->
</testng-results>
