<?xml version="1.0" encoding="UTF-8"?>
<!-- Generated by org.testng.reporters.JUnitXMLReporter -->
<testsuite ignored="0" hostname="Shivam" failures="0" tests="3" name="EdgeeTest" time="30.434" errors="0" timestamp="2024-10-12T23:45:13 IST">
  <testcase classname="endToendAutomation.OrangeHRM" name="TC_01_testLogo" time="0.044"/>
  <testcase classname="endToendAutomation.OrangeHRM" name="TC_02_testAppUrl" time="0.017"/>
  <testcase classname="endToendAutomation.OrangeHRM" name="TC_03_testHomePageTitle" time="0.014"/>
</testsuite> <!-- EdgeeTest -->
