<?xml version="1.0" encoding="UTF-8"?>
<!-- Generated by org.testng.reporters.JUnitXMLReporter -->
<testsuite ignored="0" hostname="Shivam" failures="0" tests="3" name="FirefoxTest" time="33.172" errors="0" timestamp="2024-10-12T23:50:27 IST">
  <testcase classname="endToendAutomation.OrangeHRM" name="TC_02_testAppUrl" time="0.011"/>
  <testcase classname="endToendAutomation.OrangeHRM" name="TC_03_testHomePageTitle" time="0.041"/>
  <testcase classname="endToendAutomation.OrangeHRM" name="TC_01_testLogo" time="0.042"/>
</testsuite> <!-- FirefoxTest -->
